python: can't open file 'team1/main.py': [Errno 2] No such file or directory
python: can't open file 'team1/main.py': [Errno 2] No such file or directory

Running Battlesnake at http://0.0.0.0:8000
 * Serving Flask app 'Battlesnake' (lazy loading)
 * Environment: production
   WARNING: This is a development server. Do not use it in a production deployment.
   Use a production WSGI server instead.
 * Debug mode: off

Running Battlesnake at http://0.0.0.0:8000
 * Serving Flask app 'Battlesnake' (lazy loading)
 * Environment: production
   WARNING: This is a development server. Do not use it in a production deployment.
   Use a production WSGI server instead.
 * Debug mode: off

Running Battlesnake at http://0.0.0.0:8000
 * Serving Flask app 'Battlesnake' (lazy loading)
 * Environment: production
   WARNING: This is a development server. Do not use it in a production deployment.
   Use a production WSGI server instead.
 * Debug mode: off

Running Battlesnake at http://0.0.0.0:8000
 * Serving Flask app 'Battlesnake' (lazy loading)
 * Environment: production
   WARNING: This is a development server. Do not use it in a production deployment.
   Use a production WSGI server instead.
 * Debug mode: off

Running Battlesnake at http://0.0.0.0:8000
 * Serving Flask app 'Battlesnake' (lazy loading)
 * Environment: production
   WARNING: This is a development server. Do not use it in a production deployment.
   Use a production WSGI server instead.
 * Debug mode: off

Running Battlesnake at http://0.0.0.0:8000
 * Serving Flask app 'Battlesnake' (lazy loading)
 * Environment: production
   WARNING: This is a development server. Do not use it in a production deployment.
   Use a production WSGI server instead.
 * Debug mode: off

Running Battlesnake at http://0.0.0.0:8000
 * Serving Flask app 'Battlesnake' (lazy loading)
 * Environment: production
   WARNING: This is a development server. Do not use it in a production deployment.
   Use a production WSGI server instead.
 * Debug mode: off

Running Battlesnake at http://0.0.0.0:8000
 * Serving Flask app 'Battlesnake' (lazy loading)
 * Environment: production
   WARNING: This is a development server. Do not use it in a production deployment.
   Use a production WSGI server instead.
 * Debug mode: off
Traceback (most recent call last):
  File "/Users/yabu/github/pbl/teams/team2/main.py", line 107, in <module>
    from server import run_server
ModuleNotFoundError: No module named 'server'
Traceback (most recent call last):
  File "/Users/yabu/github/pbl/teams/team2/main.py", line 107, in <module>
    from server import run_server
ModuleNotFoundError: No module named 'server'
Traceback (most recent call last):
  File "/Users/yabu/github/pbl/teams/team2/main.py", line 109, in <module>
    from server import run_server
ModuleNotFoundError: No module named 'server'
Traceback (most recent call last):
  File "/Users/yabu/github/pbl/teams/team2/main.py", line 109, in <module>
    from server import run_server
ModuleNotFoundError: No module named 'server'

Running Battlesnake at http://0.0.0.0:8000
 * Serving Flask app 'Battlesnake' (lazy loading)
 * Environment: production
   WARNING: This is a development server. Do not use it in a production deployment.
   Use a production WSGI server instead.
 * Debug mode: off

Running Battlesnake at http://0.0.0.0:8000
 * Serving Flask app 'Battlesnake' (lazy loading)
 * Environment: production
   WARNING: This is a development server. Do not use it in a production deployment.
   Use a production WSGI server instead.
 * Debug mode: off

Running Battlesnake at http://0.0.0.0:8000
 * Serving Flask app 'Battlesnake' (lazy loading)
 * Environment: production
   WARNING: This is a development server. Do not use it in a production deployment.
   Use a production WSGI server instead.
 * Debug mode: off

Running Battlesnake at http://0.0.0.0:8000
 * Serving Flask app 'Battlesnake' (lazy loading)
 * Environment: production
   WARNING: This is a development server. Do not use it in a production deployment.
   Use a production WSGI server instead.
 * Debug mode: off

Running Battlesnake at http://0.0.0.0:8000
 * Serving Flask app 'Battlesnake' (lazy loading)
 * Environment: production
   WARNING: This is a development server. Do not use it in a production deployment.
   Use a production WSGI server instead.
 * Debug mode: off

Running Battlesnake at http://0.0.0.0:8000
 * Serving Flask app 'Battlesnake' (lazy loading)
 * Environment: production
   WARNING: This is a development server. Do not use it in a production deployment.
   Use a production WSGI server instead.
 * Debug mode: off

Running Battlesnake at http://0.0.0.0:8000
 * Serving Flask app 'Battlesnake' (lazy loading)
 * Environment: production
   WARNING: This is a development server. Do not use it in a production deployment.
   Use a production WSGI server instead.
 * Debug mode: off

Running Battlesnake at http://0.0.0.0:8000
 * Serving Flask app 'Battlesnake' (lazy loading)
 * Environment: production
   WARNING: This is a development server. Do not use it in a production deployment.
   Use a production WSGI server instead.
 * Debug mode: off

Running Battlesnake at http://0.0.0.0:8000
 * Serving Flask app 'Battlesnake' (lazy loading)
 * Environment: production
   WARNING: This is a development server. Do not use it in a production deployment.
   Use a production WSGI server instead.
 * Debug mode: off

Running Battlesnake at http://0.0.0.0:8000
 * Serving Flask app 'Battlesnake' (lazy loading)
 * Environment: production
   WARNING: This is a development server. Do not use it in a production deployment.
   Use a production WSGI server instead.
 * Debug mode: off

Running Battlesnake at http://0.0.0.0:8000
 * Serving Flask app 'Battlesnake' (lazy loading)
 * Environment: production
   WARNING: This is a development server. Do not use it in a production deployment.
   Use a production WSGI server instead.
 * Debug mode: off

Running Battlesnake at http://0.0.0.0:8000
 * Serving Flask app 'Battlesnake' (lazy loading)
 * Environment: production
   WARNING: This is a development server. Do not use it in a production deployment.
   Use a production WSGI server instead.
 * Debug mode: off

Running Battlesnake at http://0.0.0.0:8000
 * Serving Flask app 'Battlesnake' (lazy loading)
 * Environment: production
   WARNING: This is a development server. Do not use it in a production deployment.
   Use a production WSGI server instead.
 * Debug mode: off

Running Battlesnake at http://0.0.0.0:8000
 * Serving Flask app 'Battlesnake' (lazy loading)
 * Environment: production
   WARNING: This is a development server. Do not use it in a production deployment.
   Use a production WSGI server instead.
 * Debug mode: off

Running Battlesnake at http://0.0.0.0:8000
 * Serving Flask app 'Battlesnake' (lazy loading)
 * Environment: production
   WARNING: This is a development server. Do not use it in a production deployment.
   Use a production WSGI server instead.
 * Debug mode: off

Running Battlesnake at http://0.0.0.0:8000
 * Serving Flask app 'Battlesnake' (lazy loading)
 * Environment: production
   WARNING: This is a development server. Do not use it in a production deployment.
   Use a production WSGI server instead.
 * Debug mode: off

Running Battlesnake at http://0.0.0.0:8000
 * Serving Flask app 'Battlesnake' (lazy loading)
 * Environment: production
   WARNING: This is a development server. Do not use it in a production deployment.
   Use a production WSGI server instead.
 * Debug mode: off

Running Battlesnake at http://0.0.0.0:8000
 * Serving Flask app 'Battlesnake' (lazy loading)
 * Environment: production
   WARNING: This is a development server. Do not use it in a production deployment.
   Use a production WSGI server instead.
 * Debug mode: off

Running Battlesnake at http://0.0.0.0:8000
 * Serving Flask app 'Battlesnake' (lazy loading)
 * Environment: production
   WARNING: This is a development server. Do not use it in a production deployment.
   Use a production WSGI server instead.
 * Debug mode: off

Running Battlesnake at http://0.0.0.0:8000
 * Serving Flask app 'Battlesnake' (lazy loading)
 * Environment: production
   WARNING: This is a development server. Do not use it in a production deployment.
   Use a production WSGI server instead.
 * Debug mode: off

Running Battlesnake at http://0.0.0.0:8000
 * Serving Flask app 'Battlesnake' (lazy loading)
 * Environment: production
   WARNING: This is a development server. Do not use it in a production deployment.
   Use a production WSGI server instead.
 * Debug mode: off

Running Battlesnake at http://0.0.0.0:8000
 * Serving Flask app 'Battlesnake' (lazy loading)
 * Environment: production
   WARNING: This is a development server. Do not use it in a production deployment.
   Use a production WSGI server instead.
 * Debug mode: off

Running Battlesnake at http://0.0.0.0:8000
 * Serving Flask app 'Battlesnake' (lazy loading)
 * Environment: production
   WARNING: This is a development server. Do not use it in a production deployment.
   Use a production WSGI server instead.
 * Debug mode: off

Running Battlesnake at http://0.0.0.0:8000
 * Serving Flask app 'Battlesnake' (lazy loading)
 * Environment: production
   WARNING: This is a development server. Do not use it in a production deployment.
   Use a production WSGI server instead.
 * Debug mode: off

Running Battlesnake at http://0.0.0.0:8000
 * Serving Flask app 'Battlesnake' (lazy loading)
 * Environment: production
   WARNING: This is a development server. Do not use it in a production deployment.
   Use a production WSGI server instead.
 * Debug mode: off

Running Battlesnake at http://0.0.0.0:8000
 * Serving Flask app 'Battlesnake' (lazy loading)
 * Environment: production
   WARNING: This is a development server. Do not use it in a production deployment.
   Use a production WSGI server instead.
 * Debug mode: off

Running Battlesnake at http://0.0.0.0:8000
 * Serving Flask app 'Battlesnake' (lazy loading)
 * Environment: production
   WARNING: This is a development server. Do not use it in a production deployment.
   Use a production WSGI server instead.
 * Debug mode: off

Running Battlesnake at http://0.0.0.0:8000
 * Serving Flask app 'Battlesnake' (lazy loading)
 * Environment: production
   WARNING: This is a development server. Do not use it in a production deployment.
   Use a production WSGI server instead.
 * Debug mode: off

Running Battlesnake at http://0.0.0.0:8000
 * Serving Flask app 'Battlesnake' (lazy loading)
 * Environment: production
   WARNING: This is a development server. Do not use it in a production deployment.
   Use a production WSGI server instead.
 * Debug mode: off

Running Battlesnake at http://0.0.0.0:8000
 * Serving Flask app 'Battlesnake' (lazy loading)
 * Environment: production
   WARNING: This is a development server. Do not use it in a production deployment.
   Use a production WSGI server instead.
 * Debug mode: off

Running Battlesnake at http://0.0.0.0:8000
 * Serving Flask app 'Battlesnake' (lazy loading)
 * Environment: production
   WARNING: This is a development server. Do not use it in a production deployment.
   Use a production WSGI server instead.
 * Debug mode: off

Running Battlesnake at http://0.0.0.0:8000
 * Serving Flask app 'Battlesnake' (lazy loading)
 * Environment: production
   WARNING: This is a development server. Do not use it in a production deployment.
   Use a production WSGI server instead.
 * Debug mode: off

Running Battlesnake at http://0.0.0.0:8000
 * Serving Flask app 'Battlesnake' (lazy loading)
 * Environment: production
   WARNING: This is a development server. Do not use it in a production deployment.
   Use a production WSGI server instead.
 * Debug mode: off

Running Battlesnake at http://0.0.0.0:8000
 * Serving Flask app 'Battlesnake' (lazy loading)
 * Environment: production
   WARNING: This is a development server. Do not use it in a production deployment.
   Use a production WSGI server instead.
 * Debug mode: off

Running Battlesnake at http://0.0.0.0:8000
 * Serving Flask app 'Battlesnake' (lazy loading)
 * Environment: production
   WARNING: This is a development server. Do not use it in a production deployment.
   Use a production WSGI server instead.
 * Debug mode: off

Running Battlesnake at http://0.0.0.0:8000
 * Serving Flask app 'Battlesnake' (lazy loading)
 * Environment: production
   WARNING: This is a development server. Do not use it in a production deployment.
   Use a production WSGI server instead.
 * Debug mode: off

Running Battlesnake at http://0.0.0.0:8000
 * Serving Flask app 'Battlesnake' (lazy loading)
 * Environment: production
   WARNING: This is a development server. Do not use it in a production deployment.
   Use a production WSGI server instead.
 * Debug mode: off

Running Battlesnake at http://0.0.0.0:8000
 * Serving Flask app 'Battlesnake' (lazy loading)
 * Environment: production
   WARNING: This is a development server. Do not use it in a production deployment.
   Use a production WSGI server instead.
 * Debug mode: off

Running Battlesnake at http://0.0.0.0:8000
 * Serving Flask app 'Battlesnake' (lazy loading)
 * Environment: production
   WARNING: This is a development server. Do not use it in a production deployment.
   Use a production WSGI server instead.
 * Debug mode: off

Running Battlesnake at http://0.0.0.0:8000
 * Serving Flask app 'Battlesnake' (lazy loading)
 * Environment: production
   WARNING: This is a development server. Do not use it in a production deployment.
   Use a production WSGI server instead.
 * Debug mode: off

Running Battlesnake at http://0.0.0.0:8000
 * Serving Flask app 'Battlesnake' (lazy loading)
 * Environment: production
   WARNING: This is a development server. Do not use it in a production deployment.
   Use a production WSGI server instead.
 * Debug mode: off

Running Battlesnake at http://0.0.0.0:8000
 * Serving Flask app 'Battlesnake' (lazy loading)
 * Environment: production
   WARNING: This is a development server. Do not use it in a production deployment.
   Use a production WSGI server instead.
 * Debug mode: off

Running Battlesnake at http://0.0.0.0:8000
 * Serving Flask app 'Battlesnake' (lazy loading)
 * Environment: production
   WARNING: This is a development server. Do not use it in a production deployment.
   Use a production WSGI server instead.
 * Debug mode: off

Running Battlesnake at http://0.0.0.0:8000
 * Serving Flask app 'Battlesnake' (lazy loading)
 * Environment: production
   WARNING: This is a development server. Do not use it in a production deployment.
   Use a production WSGI server instead.
 * Debug mode: off

Running Battlesnake at http://0.0.0.0:8000
 * Serving Flask app 'Battlesnake' (lazy loading)
 * Environment: production
   WARNING: This is a development server. Do not use it in a production deployment.
   Use a production WSGI server instead.
 * Debug mode: off

Running Battlesnake at http://0.0.0.0:8000
 * Serving Flask app 'Battlesnake' (lazy loading)
 * Environment: production
   WARNING: This is a development server. Do not use it in a production deployment.
   Use a production WSGI server instead.
 * Debug mode: off

Running Battlesnake at http://0.0.0.0:8000
 * Serving Flask app 'Battlesnake' (lazy loading)
 * Environment: production
   WARNING: This is a development server. Do not use it in a production deployment.
   Use a production WSGI server instead.
 * Debug mode: off

Running Battlesnake at http://0.0.0.0:8000
 * Serving Flask app 'Battlesnake' (lazy loading)
 * Environment: production
   WARNING: This is a development server. Do not use it in a production deployment.
   Use a production WSGI server instead.
 * Debug mode: off

Running Battlesnake at http://0.0.0.0:8000
 * Serving Flask app 'Battlesnake' (lazy loading)
 * Environment: production
   WARNING: This is a development server. Do not use it in a production deployment.
   Use a production WSGI server instead.
 * Debug mode: off

Running Battlesnake at http://0.0.0.0:8000
 * Serving Flask app 'Battlesnake' (lazy loading)
 * Environment: production
   WARNING: This is a development server. Do not use it in a production deployment.
   Use a production WSGI server instead.
 * Debug mode: off

Running Battlesnake at http://0.0.0.0:8000
 * Serving Flask app 'Battlesnake' (lazy loading)
 * Environment: production
   WARNING: This is a development server. Do not use it in a production deployment.
   Use a production WSGI server instead.
 * Debug mode: off

Running Battlesnake at http://0.0.0.0:8000
 * Serving Flask app 'Battlesnake' (lazy loading)
 * Environment: production
   WARNING: This is a development server. Do not use it in a production deployment.
   Use a production WSGI server instead.
 * Debug mode: off

Running Battlesnake at http://0.0.0.0:8000
 * Serving Flask app 'Battlesnake' (lazy loading)
 * Environment: production
   WARNING: This is a development server. Do not use it in a production deployment.
   Use a production WSGI server instead.
 * Debug mode: off

Running Battlesnake at http://0.0.0.0:8000
 * Serving Flask app 'Battlesnake' (lazy loading)
 * Environment: production
   WARNING: This is a development server. Do not use it in a production deployment.
   Use a production WSGI server instead.
 * Debug mode: off

Running Battlesnake at http://0.0.0.0:8000
 * Serving Flask app 'Battlesnake' (lazy loading)
 * Environment: production
   WARNING: This is a development server. Do not use it in a production deployment.
   Use a production WSGI server instead.
 * Debug mode: off

Running Battlesnake at http://0.0.0.0:8000
 * Serving Flask app 'Battlesnake' (lazy loading)
 * Environment: production
   WARNING: This is a development server. Do not use it in a production deployment.
   Use a production WSGI server instead.
 * Debug mode: off

Running Battlesnake at http://0.0.0.0:8000
 * Serving Flask app 'Battlesnake' (lazy loading)
 * Environment: production
   WARNING: This is a development server. Do not use it in a production deployment.
   Use a production WSGI server instead.
 * Debug mode: off

Running Battlesnake at http://0.0.0.0:8000
 * Serving Flask app 'Battlesnake' (lazy loading)
 * Environment: production
   WARNING: This is a development server. Do not use it in a production deployment.
   Use a production WSGI server instead.
 * Debug mode: off

Running Battlesnake at http://0.0.0.0:8000
 * Serving Flask app 'Battlesnake' (lazy loading)
 * Environment: production
   WARNING: This is a development server. Do not use it in a production deployment.
   Use a production WSGI server instead.
 * Debug mode: off

Running Battlesnake at http://0.0.0.0:8000
 * Serving Flask app 'Battlesnake' (lazy loading)
 * Environment: production
   WARNING: This is a development server. Do not use it in a production deployment.
   Use a production WSGI server instead.
 * Debug mode: off

Running Battlesnake at http://0.0.0.0:8000
 * Serving Flask app 'Battlesnake' (lazy loading)
 * Environment: production
   WARNING: This is a development server. Do not use it in a production deployment.
   Use a production WSGI server instead.
 * Debug mode: off

Running Battlesnake at http://0.0.0.0:8000
 * Serving Flask app 'Battlesnake' (lazy loading)
 * Environment: production
   WARNING: This is a development server. Do not use it in a production deployment.
   Use a production WSGI server instead.
 * Debug mode: off

Running Battlesnake at http://0.0.0.0:8000
 * Serving Flask app 'Battlesnake' (lazy loading)
 * Environment: production
   WARNING: This is a development server. Do not use it in a production deployment.
   Use a production WSGI server instead.
 * Debug mode: off

Running Battlesnake at http://0.0.0.0:8000
 * Serving Flask app 'Battlesnake' (lazy loading)
 * Environment: production
   WARNING: This is a development server. Do not use it in a production deployment.
   Use a production WSGI server instead.
 * Debug mode: off

Running Battlesnake at http://0.0.0.0:8000
 * Serving Flask app 'Battlesnake' (lazy loading)
 * Environment: production
   WARNING: This is a development server. Do not use it in a production deployment.
   Use a production WSGI server instead.
 * Debug mode: off

Running Battlesnake at http://0.0.0.0:8000
 * Serving Flask app 'Battlesnake' (lazy loading)
 * Environment: production
   WARNING: This is a development server. Do not use it in a production deployment.
   Use a production WSGI server instead.
 * Debug mode: off

Running Battlesnake at http://0.0.0.0:8000
 * Serving Flask app 'Battlesnake' (lazy loading)
 * Environment: production
   WARNING: This is a development server. Do not use it in a production deployment.
   Use a production WSGI server instead.
 * Debug mode: off

Running Battlesnake at http://0.0.0.0:8000
 * Serving Flask app 'Battlesnake' (lazy loading)
 * Environment: production
   WARNING: This is a development server. Do not use it in a production deployment.
   Use a production WSGI server instead.
 * Debug mode: off

Running Battlesnake at http://0.0.0.0:8000
 * Serving Flask app 'Battlesnake' (lazy loading)
 * Environment: production
   WARNING: This is a development server. Do not use it in a production deployment.
   Use a production WSGI server instead.
 * Debug mode: off

Running Battlesnake at http://0.0.0.0:8000
 * Serving Flask app 'Battlesnake' (lazy loading)
 * Environment: production
   WARNING: This is a development server. Do not use it in a production deployment.
   Use a production WSGI server instead.
 * Debug mode: off

Running Battlesnake at http://0.0.0.0:8000
 * Serving Flask app 'Battlesnake' (lazy loading)
 * Environment: production
   WARNING: This is a development server. Do not use it in a production deployment.
   Use a production WSGI server instead.
 * Debug mode: off

Running Battlesnake at http://0.0.0.0:8000
 * Serving Flask app 'Battlesnake' (lazy loading)
 * Environment: production
   WARNING: This is a development server. Do not use it in a production deployment.
   Use a production WSGI server instead.
 * Debug mode: off

Running Battlesnake at http://0.0.0.0:8000
 * Serving Flask app 'Battlesnake' (lazy loading)
 * Environment: production
   WARNING: This is a development server. Do not use it in a production deployment.
   Use a production WSGI server instead.
 * Debug mode: off

Running Battlesnake at http://0.0.0.0:8000
 * Serving Flask app 'Battlesnake' (lazy loading)
 * Environment: production
   WARNING: This is a development server. Do not use it in a production deployment.
   Use a production WSGI server instead.
 * Debug mode: off

Running Battlesnake at http://0.0.0.0:8000
 * Serving Flask app 'Battlesnake' (lazy loading)
 * Environment: production
   WARNING: This is a development server. Do not use it in a production deployment.
   Use a production WSGI server instead.
 * Debug mode: off

Running Battlesnake at http://0.0.0.0:8000
 * Serving Flask app 'Battlesnake' (lazy loading)
 * Environment: production
   WARNING: This is a development server. Do not use it in a production deployment.
   Use a production WSGI server instead.
 * Debug mode: off

Running Battlesnake at http://0.0.0.0:8000
 * Serving Flask app 'Battlesnake' (lazy loading)
 * Environment: production
   WARNING: This is a development server. Do not use it in a production deployment.
   Use a production WSGI server instead.
 * Debug mode: off

Running Battlesnake at http://0.0.0.0:8000
 * Serving Flask app 'Battlesnake' (lazy loading)
 * Environment: production
   WARNING: This is a development server. Do not use it in a production deployment.
   Use a production WSGI server instead.
 * Debug mode: off

Running Battlesnake at http://0.0.0.0:8000
 * Serving Flask app 'Battlesnake' (lazy loading)
 * Environment: production
   WARNING: This is a development server. Do not use it in a production deployment.
   Use a production WSGI server instead.
 * Debug mode: off

Running Battlesnake at http://0.0.0.0:8000
 * Serving Flask app 'Battlesnake' (lazy loading)
 * Environment: production
   WARNING: This is a development server. Do not use it in a production deployment.
   Use a production WSGI server instead.
 * Debug mode: off

Running Battlesnake at http://0.0.0.0:8000
 * Serving Flask app 'Battlesnake' (lazy loading)
 * Environment: production
   WARNING: This is a development server. Do not use it in a production deployment.
   Use a production WSGI server instead.
 * Debug mode: off

Running Battlesnake at http://0.0.0.0:8000
 * Serving Flask app 'Battlesnake' (lazy loading)
 * Environment: production
   WARNING: This is a development server. Do not use it in a production deployment.
   Use a production WSGI server instead.
 * Debug mode: off

Running Battlesnake at http://0.0.0.0:8000
 * Serving Flask app 'Battlesnake' (lazy loading)
 * Environment: production
   WARNING: This is a development server. Do not use it in a production deployment.
   Use a production WSGI server instead.
 * Debug mode: off

Running Battlesnake at http://0.0.0.0:8000
 * Serving Flask app 'Battlesnake' (lazy loading)
 * Environment: production
   WARNING: This is a development server. Do not use it in a production deployment.
   Use a production WSGI server instead.
 * Debug mode: off

Running Battlesnake at http://0.0.0.0:8000
 * Serving Flask app 'Battlesnake' (lazy loading)
 * Environment: production
   WARNING: This is a development server. Do not use it in a production deployment.
   Use a production WSGI server instead.
 * Debug mode: off

Running Battlesnake at http://0.0.0.0:8000
 * Serving Flask app 'Battlesnake' (lazy loading)
 * Environment: production
   WARNING: This is a development server. Do not use it in a production deployment.
   Use a production WSGI server instead.
 * Debug mode: off

Running Battlesnake at http://0.0.0.0:8000
 * Serving Flask app 'Battlesnake' (lazy loading)
 * Environment: production
   WARNING: This is a development server. Do not use it in a production deployment.
   Use a production WSGI server instead.
 * Debug mode: off

Running Battlesnake at http://0.0.0.0:8000
 * Serving Flask app 'Battlesnake' (lazy loading)
 * Environment: production
   WARNING: This is a development server. Do not use it in a production deployment.
   Use a production WSGI server instead.
 * Debug mode: off

Running Battlesnake at http://0.0.0.0:8000
 * Serving Flask app 'Battlesnake' (lazy loading)
 * Environment: production
   WARNING: This is a development server. Do not use it in a production deployment.
   Use a production WSGI server instead.
 * Debug mode: off

Running Battlesnake at http://0.0.0.0:8000
 * Serving Flask app 'Battlesnake' (lazy loading)
 * Environment: production
   WARNING: This is a development server. Do not use it in a production deployment.
   Use a production WSGI server instead.
 * Debug mode: off

Running Battlesnake at http://0.0.0.0:8000
 * Serving Flask app 'Battlesnake' (lazy loading)
 * Environment: production
   WARNING: This is a development server. Do not use it in a production deployment.
   Use a production WSGI server instead.
 * Debug mode: off

Running Battlesnake at http://0.0.0.0:8000
 * Serving Flask app 'Battlesnake' (lazy loading)
 * Environment: production
   WARNING: This is a development server. Do not use it in a production deployment.
   Use a production WSGI server instead.
 * Debug mode: off

Running Battlesnake at http://0.0.0.0:8000
 * Serving Flask app 'Battlesnake' (lazy loading)
 * Environment: production
   WARNING: This is a development server. Do not use it in a production deployment.
   Use a production WSGI server instead.
 * Debug mode: off

Running Battlesnake at http://0.0.0.0:8000
 * Serving Flask app 'Battlesnake' (lazy loading)
 * Environment: production
   WARNING: This is a development server. Do not use it in a production deployment.
   Use a production WSGI server instead.
 * Debug mode: off

Running Battlesnake at http://0.0.0.0:8000
 * Serving Flask app 'Battlesnake' (lazy loading)
 * Environment: production
   WARNING: This is a development server. Do not use it in a production deployment.
   Use a production WSGI server instead.
 * Debug mode: off

Running Battlesnake at http://0.0.0.0:8000
 * Serving Flask app 'Battlesnake' (lazy loading)
 * Environment: production
   WARNING: This is a development server. Do not use it in a production deployment.
   Use a production WSGI server instead.
 * Debug mode: off

Running Battlesnake at http://0.0.0.0:8000
 * Serving Flask app 'Battlesnake' (lazy loading)
 * Environment: production
   WARNING: This is a development server. Do not use it in a production deployment.
   Use a production WSGI server instead.
 * Debug mode: off

Running Battlesnake at http://0.0.0.0:8000
 * Serving Flask app 'Battlesnake' (lazy loading)
 * Environment: production
   WARNING: This is a development server. Do not use it in a production deployment.
   Use a production WSGI server instead.
 * Debug mode: off

Running Battlesnake at http://0.0.0.0:8000
 * Serving Flask app 'Battlesnake' (lazy loading)
 * Environment: production
   WARNING: This is a development server. Do not use it in a production deployment.
   Use a production WSGI server instead.
 * Debug mode: off

Running Battlesnake at http://0.0.0.0:8000
 * Serving Flask app 'Battlesnake' (lazy loading)
 * Environment: production
   WARNING: This is a development server. Do not use it in a production deployment.
   Use a production WSGI server instead.
 * Debug mode: off

Running Battlesnake at http://0.0.0.0:8000
 * Serving Flask app 'Battlesnake' (lazy loading)
 * Environment: production
   WARNING: This is a development server. Do not use it in a production deployment.
   Use a production WSGI server instead.
 * Debug mode: off

Running Battlesnake at http://0.0.0.0:8000
 * Serving Flask app 'Battlesnake' (lazy loading)
 * Environment: production
   WARNING: This is a development server. Do not use it in a production deployment.
   Use a production WSGI server instead.
 * Debug mode: off

Running Battlesnake at http://0.0.0.0:8000
 * Serving Flask app 'Battlesnake' (lazy loading)
 * Environment: production
   WARNING: This is a development server. Do not use it in a production deployment.
   Use a production WSGI server instead.
 * Debug mode: off

Running Battlesnake at http://0.0.0.0:8000
 * Serving Flask app 'Battlesnake' (lazy loading)
 * Environment: production
   WARNING: This is a development server. Do not use it in a production deployment.
   Use a production WSGI server instead.
 * Debug mode: off

Running Battlesnake at http://0.0.0.0:8000
 * Serving Flask app 'Battlesnake' (lazy loading)
 * Environment: production
   WARNING: This is a development server. Do not use it in a production deployment.
   Use a production WSGI server instead.
 * Debug mode: off

Running Battlesnake at http://0.0.0.0:8000
 * Serving Flask app 'Battlesnake' (lazy loading)
 * Environment: production
   WARNING: This is a development server. Do not use it in a production deployment.
   Use a production WSGI server instead.
 * Debug mode: off

Running Battlesnake at http://0.0.0.0:8000
 * Serving Flask app 'Battlesnake' (lazy loading)
 * Environment: production
   WARNING: This is a development server. Do not use it in a production deployment.
   Use a production WSGI server instead.
 * Debug mode: off

Running Battlesnake at http://0.0.0.0:8000
 * Serving Flask app 'Battlesnake' (lazy loading)
 * Environment: production
   WARNING: This is a development server. Do not use it in a production deployment.
   Use a production WSGI server instead.
 * Debug mode: off

Running Battlesnake at http://0.0.0.0:8000
 * Serving Flask app 'Battlesnake' (lazy loading)
 * Environment: production
   WARNING: This is a development server. Do not use it in a production deployment.
   Use a production WSGI server instead.
 * Debug mode: off

Running Battlesnake at http://0.0.0.0:8000
 * Serving Flask app 'Battlesnake' (lazy loading)
 * Environment: production
   WARNING: This is a development server. Do not use it in a production deployment.
   Use a production WSGI server instead.
 * Debug mode: off

Running Battlesnake at http://0.0.0.0:8000
 * Serving Flask app 'Battlesnake' (lazy loading)
 * Environment: production
   WARNING: This is a development server. Do not use it in a production deployment.
   Use a production WSGI server instead.
 * Debug mode: off

Running Battlesnake at http://0.0.0.0:8000
 * Serving Flask app 'Battlesnake' (lazy loading)
 * Environment: production
   WARNING: This is a development server. Do not use it in a production deployment.
   Use a production WSGI server instead.
 * Debug mode: off

Running Battlesnake at http://0.0.0.0:8000
 * Serving Flask app 'Battlesnake' (lazy loading)
 * Environment: production
   WARNING: This is a development server. Do not use it in a production deployment.
   Use a production WSGI server instead.
 * Debug mode: off

Running Battlesnake at http://0.0.0.0:8000
 * Serving Flask app 'Battlesnake' (lazy loading)
 * Environment: production
   WARNING: This is a development server. Do not use it in a production deployment.
   Use a production WSGI server instead.
 * Debug mode: off

Running Battlesnake at http://0.0.0.0:8000
 * Serving Flask app 'Battlesnake' (lazy loading)
 * Environment: production
   WARNING: This is a development server. Do not use it in a production deployment.
   Use a production WSGI server instead.
 * Debug mode: off

Running Battlesnake at http://0.0.0.0:8000
 * Serving Flask app 'Battlesnake' (lazy loading)
 * Environment: production
   WARNING: This is a development server. Do not use it in a production deployment.
   Use a production WSGI server instead.
 * Debug mode: off

Running Battlesnake at http://0.0.0.0:8000
 * Serving Flask app 'Battlesnake' (lazy loading)
 * Environment: production
   WARNING: This is a development server. Do not use it in a production deployment.
   Use a production WSGI server instead.
 * Debug mode: off

Running Battlesnake at http://0.0.0.0:8000
 * Serving Flask app 'Battlesnake' (lazy loading)
 * Environment: production
   WARNING: This is a development server. Do not use it in a production deployment.
   Use a production WSGI server instead.
 * Debug mode: off

Running Battlesnake at http://0.0.0.0:8002
 * Serving Flask app 'Battlesnake' (lazy loading)
 * Environment: production
   WARNING: This is a development server. Do not use it in a production deployment.
   Use a production WSGI server instead.
 * Debug mode: off

Running Battlesnake at http://0.0.0.0:8002
 * Serving Flask app 'Battlesnake' (lazy loading)
 * Environment: production
   WARNING: This is a development server. Do not use it in a production deployment.
   Use a production WSGI server instead.
 * Debug mode: off

Running Battlesnake at http://0.0.0.0:8003
 * Serving Flask app 'Battlesnake' (lazy loading)
 * Environment: production
   WARNING: This is a development server. Do not use it in a production deployment.
   Use a production WSGI server instead.
 * Debug mode: off

Running Battlesnake at http://0.0.0.0:8012
 * Serving Flask app 'Battlesnake' (lazy loading)
 * Environment: production
   WARNING: This is a development server. Do not use it in a production deployment.
   Use a production WSGI server instead.
 * Debug mode: off

Running Battlesnake at http://0.0.0.0:8002
 * Serving Flask app 'Battlesnake' (lazy loading)
 * Environment: production
   WARNING: This is a development server. Do not use it in a production deployment.
   Use a production WSGI server instead.
 * Debug mode: off

Running Battlesnake at http://0.0.0.0:8002
 * Serving Flask app 'Battlesnake' (lazy loading)
 * Environment: production
   WARNING: This is a development server. Do not use it in a production deployment.
   Use a production WSGI server instead.
 * Debug mode: off

Running Battlesnake at http://0.0.0.0:8002
 * Serving Flask app 'Battlesnake' (lazy loading)
 * Environment: production
   WARNING: This is a development server. Do not use it in a production deployment.
   Use a production WSGI server instead.
 * Debug mode: off
Address already in use
Port 8002 is in use by another program. Either identify and stop that program, or start the server with a different port.

Running Battlesnake at http://0.0.0.0:8002
 * Serving Flask app 'Battlesnake' (lazy loading)
 * Environment: production
   WARNING: This is a development server. Do not use it in a production deployment.
   Use a production WSGI server instead.
 * Debug mode: off
Address already in use
Port 8002 is in use by another program. Either identify and stop that program, or start the server with a different port.

Running Battlesnake at http://0.0.0.0:8002
 * Serving Flask app 'Battlesnake' (lazy loading)
 * Environment: production
   WARNING: This is a development server. Do not use it in a production deployment.
   Use a production WSGI server instead.
 * Debug mode: off
Address already in use
Port 8002 is in use by another program. Either identify and stop that program, or start the server with a different port.

Running Battlesnake at http://0.0.0.0:8002
 * Serving Flask app 'Battlesnake' (lazy loading)
 * Environment: production
   WARNING: This is a development server. Do not use it in a production deployment.
   Use a production WSGI server instead.
 * Debug mode: off
Address already in use
Port 8002 is in use by another program. Either identify and stop that program, or start the server with a different port.

Running Battlesnake at http://0.0.0.0:8002
 * Serving Flask app 'Battlesnake' (lazy loading)
 * Environment: production
   WARNING: This is a development server. Do not use it in a production deployment.
   Use a production WSGI server instead.
 * Debug mode: off
Address already in use
Port 8002 is in use by another program. Either identify and stop that program, or start the server with a different port.

Running Battlesnake at http://0.0.0.0:8002
 * Serving Flask app 'Battlesnake' (lazy loading)
 * Environment: production
   WARNING: This is a development server. Do not use it in a production deployment.
   Use a production WSGI server instead.
 * Debug mode: off
Address already in use
Port 8002 is in use by another program. Either identify and stop that program, or start the server with a different port.

Running Battlesnake at http://0.0.0.0:8002
 * Serving Flask app 'Battlesnake' (lazy loading)
 * Environment: production
   WARNING: This is a development server. Do not use it in a production deployment.
   Use a production WSGI server instead.
 * Debug mode: off
Address already in use
Port 8002 is in use by another program. Either identify and stop that program, or start the server with a different port.

Running Battlesnake at http://0.0.0.0:8002
 * Serving Flask app 'Battlesnake' (lazy loading)
 * Environment: production
   WARNING: This is a development server. Do not use it in a production deployment.
   Use a production WSGI server instead.
 * Debug mode: off
Address already in use
Port 8002 is in use by another program. Either identify and stop that program, or start the server with a different port.

Running Battlesnake at http://0.0.0.0:8002
 * Serving Flask app 'Battlesnake' (lazy loading)
 * Environment: production
   WARNING: This is a development server. Do not use it in a production deployment.
   Use a production WSGI server instead.
 * Debug mode: off

Running Battlesnake at http://0.0.0.0:8002
 * Serving Flask app 'Battlesnake' (lazy loading)
 * Environment: production
   WARNING: This is a development server. Do not use it in a production deployment.
   Use a production WSGI server instead.
 * Debug mode: off

Running Battlesnake at http://0.0.0.0:8002
 * Serving Flask app 'Battlesnake' (lazy loading)
 * Environment: production
   WARNING: This is a development server. Do not use it in a production deployment.
   Use a production WSGI server instead.
 * Debug mode: off

Running Battlesnake at http://0.0.0.0:8002
 * Serving Flask app 'Battlesnake' (lazy loading)
 * Environment: production
   WARNING: This is a development server. Do not use it in a production deployment.
   Use a production WSGI server instead.
 * Debug mode: off

Running Battlesnake at http://0.0.0.0:8002
 * Serving Flask app 'Battlesnake' (lazy loading)
 * Environment: production
   WARNING: This is a development server. Do not use it in a production deployment.
   Use a production WSGI server instead.
 * Debug mode: off

Running Battlesnake at http://0.0.0.0:8002
 * Serving Flask app 'Battlesnake' (lazy loading)
 * Environment: production
   WARNING: This is a development server. Do not use it in a production deployment.
   Use a production WSGI server instead.
 * Debug mode: off

Running Battlesnake at http://0.0.0.0:8002
 * Serving Flask app 'Battlesnake' (lazy loading)
 * Environment: production
   WARNING: This is a development server. Do not use it in a production deployment.
   Use a production WSGI server instead.
 * Debug mode: off

Running Battlesnake at http://0.0.0.0:8002
 * Serving Flask app 'Battlesnake' (lazy loading)
 * Environment: production
   WARNING: This is a development server. Do not use it in a production deployment.
   Use a production WSGI server instead.
 * Debug mode: off

Running Battlesnake at http://0.0.0.0:8002
 * Serving Flask app 'Battlesnake' (lazy loading)
 * Environment: production
   WARNING: This is a development server. Do not use it in a production deployment.
   Use a production WSGI server instead.
 * Debug mode: off

Running Battlesnake at http://0.0.0.0:8007
 * Serving Flask app 'Battlesnake'
 * Debug mode: off

Running Battlesnake at http://0.0.0.0:8011
 * Serving Flask app 'Battlesnake'
 * Debug mode: off

Running Battlesnake at http://0.0.0.0:8012
 * Serving Flask app 'Battlesnake'
 * Debug mode: off

Running Battlesnake at http://0.0.0.0:8010
 * Serving Flask app 'Battlesnake'
 * Debug mode: off

Running Battlesnake at http://0.0.0.0:8006
 * Serving Flask app 'Battlesnake'
 * Debug mode: off

Running Battlesnake at http://0.0.0.0:8009
 * Serving Flask app 'Battlesnake'
 * Debug mode: off

Running Battlesnake at http://0.0.0.0:8001
 * Serving Flask app 'Battlesnake'
 * Debug mode: off

Running Battlesnake at http://0.0.0.0:8012
 * Serving Flask app 'Battlesnake'
 * Debug mode: off
